<?xml version="1.0" encoding="UTF-8"?>
<testng-results ignored="0" total="1" passed="1" failed="0" skipped="0">
  <reporter-output>
  </reporter-output>
  <suite started-at="2023-07-27T14:33:17 IST" name="Default suite" finished-at="2023-07-27T14:34:21 IST" duration-ms="64280">
    <groups>
    </groups>
    <test started-at="2023-07-27T14:33:17 IST" name="Default test" finished-at="2023-07-27T14:34:21 IST" duration-ms="64280">
      <class name="org.StockApplication.StockMarketTest">
        <test-method is-config="true" signature="configureAppium()[pri:0, instance:org.StockApplication.StockMarketTest@54bff557]" started-at="2023-07-27T14:33:17 IST" name="configureAppium" finished-at="2023-07-27T14:33:40 IST" duration-ms="23299" status="PASS">
          <reporter-output>
          </reporter-output>
        </test-method> <!-- configureAppium -->
        <test-method signature="StartApp()[pri:0, instance:org.StockApplication.StockMarketTest@54bff557]" started-at="2023-07-27T14:33:40 IST" name="StartApp" finished-at="2023-07-27T14:34:20 IST" duration-ms="40098" status="PASS">
          <reporter-output>
          </reporter-output>
        </test-method> <!-- StartApp -->
        <test-method is-config="true" signature="tearDown()[pri:0, instance:org.StockApplication.StockMarketTest@54bff557]" started-at="2023-07-27T14:34:20 IST" name="tearDown" finished-at="2023-07-27T14:34:21 IST" duration-ms="850" status="PASS">
          <reporter-output>
          </reporter-output>
        </test-method> <!-- tearDown -->
      </class> <!-- org.StockApplication.StockMarketTest -->
    </test> <!-- Default test -->
  </suite> <!-- Default suite -->
</testng-results>
